<?xml version="1.0" encoding="UTF-8"?>
<testsuite xmlns:xsi="http://www.w3.org/2001/XMLSchema-instance" xsi:noNamespaceSchemaLocation="https://maven.apache.org/surefire/maven-surefire-plugin/xsd/surefire-test-report.xsd" version="3.0.2" name="Sender.SenderApplicationTests" time="76.237" tests="1" errors="0" skipped="0" failures="0">
  <properties>
[...]
</properties>
  <testcase name="contextLoads" classname="Sender.SenderApplicationTests" time="2.108">
    <system-out><![CDATA[03:01:30.194 [main] INFO org.springframework.test.context.support.AnnotationConfigContextLoaderUtils -- Could not detect default configuration classes for test class [Sender.SenderApplicationTests]: SenderApplicationTests does not declare any static, non-private, non-final, nested classes annotated with @Configuration.
03:01:30.505 [main] INFO org.springframework.boot.test.context.SpringBootTestContextBootstrapper -- Found @SpringBootConfiguration Sender.SenderApplication for test class Sender.SenderApplicationTests

  .   ____          _            __ _ _
 /\\ / ___'_ __ _ _(_)_ __  __ _ \ \ \ \
( ( )\___ | '_ | '_| | '_ \/ _` | \ \ \ \
 \\/  ___)| |_)| | | | | || (_| |  ) ) ) )
  '  |____| .__|_| |_|_| |_\__, | / / / /
 =========|_|==============|___/=/_/_/_/

 :: Spring Boot ::                (v3.4.0)

2025-01-04T03:01:33.447+02:00  WARN 13536 --- [           main] ory$DuplicateJsonObjectContextCustomizer : 

Found multiple occurrences of org.json.JSONObject on the class path:

	jar:file:/C:/Users/Oana/.m2/repository/com/vaadin/external/google/android-json/0.0.20131108.vaadin1/android-json-0.0.20131108.vaadin1.jar!/org/json/JSONObject.class
	jar:file:/C:/Users/Oana/.m2/repository/org/json/json/20210307/json-20210307.jar!/org/json/JSONObject.class

You may wish to exclude one of them to ensure predictable runtime behavior

2025-01-04T03:01:33.784+02:00  INFO 13536 --- [           main] Sender.SenderApplicationTests            : Starting SenderApplicationTests using Java 17.0.13 with PID 13536 (started by Oana in C:\Users\Oana\Desktop\assigment2\Sender\Sender)
2025-01-04T03:01:33.789+02:00  INFO 13536 --- [           main] Sender.SenderApplicationTests            : No active profile set, falling back to 1 default profile: "default"
2025-01-04T03:01:40.011+02:00  INFO 13536 --- [           main] o.s.b.f.s.DefaultListableBeanFactory     : Overriding bean definition for bean 'rabbitTemplate' with a different definition: replacing [Root bean: class=null; scope=; abstract=false; lazyInit=null; autowireMode=3; dependencyCheck=0; autowireCandidate=true; primary=false; fallback=false; factoryBeanName=messagingConfig; factoryMethodName=rabbitTemplate; initMethodNames=null; destroyMethodNames=[(inferred)]; defined in class path resource [Sender/config/MessagingConfig.class]] with [Root bean: class=null; scope=; abstract=false; lazyInit=null; autowireMode=3; dependencyCheck=0; autowireCandidate=true; primary=false; fallback=false; factoryBeanName=org.springframework.boot.autoconfigure.amqp.RabbitAutoConfiguration$RabbitTemplateConfiguration; factoryMethodName=rabbitTemplate; initMethodNames=null; destroyMethodNames=[(inferred)]; defined in class path resource [org/springframework/boot/autoconfigure/amqp/RabbitAutoConfiguration$RabbitTemplateConfiguration.class]]
2025-01-04T03:01:41.006+02:00  INFO 13536 --- [           main] org.testcontainers.images.PullPolicy     : Image pull policy will be performed by: DefaultPullPolicy()
2025-01-04T03:01:41.016+02:00  INFO 13536 --- [           main] o.t.utility.ImageNameSubstitutor         : Image name substitution will be performed by: DefaultImageNameSubstitutor (composite of 'ConfigurationFileImageNameSubstitutor' and 'PrefixingImageNameSubstitutor')
2025-01-04T03:01:41.197+02:00  INFO 13536 --- [           main] org.testcontainers.DockerClientFactory   : Testcontainers version: 1.20.4
2025-01-04T03:01:42.664+02:00  INFO 13536 --- [           main] o.t.d.DockerClientProviderStrategy       : Found Docker environment with local Npipe socket (npipe:////./pipe/docker_engine)
2025-01-04T03:01:42.672+02:00  INFO 13536 --- [           main] org.testcontainers.DockerClientFactory   : Docker host IP address is localhost
2025-01-04T03:01:42.747+02:00  INFO 13536 --- [           main] org.testcontainers.DockerClientFactory   : Connected to docker: 
  Server Version: 27.2.0
  API Version: 1.47
  Operating System: Docker Desktop
  Total Memory: 3810 MB
  Labels: 
    com.docker.desktop.address=npipe://\\.\pipe\docker_cli
2025-01-04T03:01:43.113+02:00  INFO 13536 --- [           main] tc.testcontainers/ryuk:0.11.0            : Pulling docker image: testcontainers/ryuk:0.11.0. Please be patient; this may take some time but only needs to be done once.
2025-01-04T03:01:47.147+02:00  INFO 13536 --- [ream-1683332165] tc.testcontainers/ryuk:0.11.0            : Starting to pull image
2025-01-04T03:01:47.188+02:00  INFO 13536 --- [ream-1683332165] tc.testcontainers/ryuk:0.11.0            : Pulling image layers:  0 pending,  0 downloaded,  0 extracted, (0 bytes/0 bytes)
2025-01-04T03:01:49.726+02:00  INFO 13536 --- [ream-1683332165] tc.testcontainers/ryuk:0.11.0            : Pulling image layers:  1 pending,  1 downloaded,  0 extracted, (771 KB/? MB)
2025-01-04T03:01:51.027+02:00  INFO 13536 --- [ream-1683332165] tc.testcontainers/ryuk:0.11.0            : Pulling image layers:  0 pending,  2 downloaded,  0 extracted, (7 MB/7 MB)
2025-01-04T03:01:51.657+02:00  INFO 13536 --- [ream-1683332165] tc.testcontainers/ryuk:0.11.0            : Pull complete. 2 layers, pulled in 4s (downloaded 7 MB at 1 MB/s)
2025-01-04T03:01:51.657+02:00  INFO 13536 --- [           main] tc.testcontainers/ryuk:0.11.0            : Image testcontainers/ryuk:0.11.0 pull took PT8.5416772S
2025-01-04T03:01:51.973+02:00  INFO 13536 --- [           main] tc.testcontainers/ryuk:0.11.0            : Creating container for image: testcontainers/ryuk:0.11.0
2025-01-04T03:01:52.646+02:00  INFO 13536 --- [           main] tc.testcontainers/ryuk:0.11.0            : Container testcontainers/ryuk:0.11.0 is starting: c1ac2bc7abb9e258f5a6f175d869d3f265bebdeb7c96d9e80d8aa801ad2b8a17
2025-01-04T03:01:56.569+02:00  INFO 13536 --- [           main] tc.testcontainers/ryuk:0.11.0            : Container testcontainers/ryuk:0.11.0 started in PT4.5960951S
2025-01-04T03:01:56.621+02:00  INFO 13536 --- [           main] o.t.utility.RyukResourceReaper           : Ryuk started - will monitor and terminate Testcontainers containers on JVM exit
2025-01-04T03:01:56.621+02:00  INFO 13536 --- [           main] org.testcontainers.DockerClientFactory   : Checking the system...
2025-01-04T03:01:56.622+02:00  INFO 13536 --- [           main] org.testcontainers.DockerClientFactory   : ?? Docker server version should be at least 1.6.0
2025-01-04T03:01:56.638+02:00  INFO 13536 --- [           main] tc.rabbitmq:latest                       : Pulling docker image: rabbitmq:latest. Please be patient; this may take some time but only needs to be done once.
2025-01-04T03:01:59.814+02:00  INFO 13536 --- [ream-2130263448] tc.rabbitmq:latest                       : Starting to pull image
2025-01-04T03:01:59.817+02:00  INFO 13536 --- [ream-2130263448] tc.rabbitmq:latest                       : Pulling image layers:  0 pending,  0 downloaded,  0 extracted, (0 bytes/0 bytes)
2025-01-04T03:02:01.993+02:00  INFO 13536 --- [ream-2130263448] tc.rabbitmq:latest                       : Pulling image layers:  7 pending,  1 downloaded,  0 extracted, (2 MB/? MB)
2025-01-04T03:02:02.000+02:00  INFO 13536 --- [ream-2130263448] tc.rabbitmq:latest                       : Pulling image layers:  6 pending,  2 downloaded,  0 extracted, (2 MB/? MB)
2025-01-04T03:02:02.090+02:00  INFO 13536 --- [ream-2130263448] tc.rabbitmq:latest                       : Pulling image layers:  5 pending,  3 downloaded,  0 extracted, (2 MB/? MB)
2025-01-04T03:02:02.092+02:00  INFO 13536 --- [ream-2130263448] tc.rabbitmq:latest                       : Pulling image layers:  4 pending,  4 downloaded,  0 extracted, (3 MB/? MB)
2025-01-04T03:02:02.289+02:00  INFO 13536 --- [ream-2130263448] tc.rabbitmq:latest                       : Pulling image layers:  3 pending,  5 downloaded,  0 extracted, (4 MB/? MB)
2025-01-04T03:02:06.490+02:00  INFO 13536 --- [ream-2130263448] tc.rabbitmq:latest                       : Pulling image layers:  2 pending,  6 downloaded,  0 extracted, (26 MB/? MB)
2025-01-04T03:02:07.990+02:00  INFO 13536 --- [ream-2130263448] tc.rabbitmq:latest                       : Pulling image layers:  1 pending,  7 downloaded,  0 extracted, (35 MB/? MB)
2025-01-04T03:02:14.888+02:00  INFO 13536 --- [ream-2130263448] tc.rabbitmq:latest                       : Pulling image layers:  0 pending,  8 downloaded,  0 extracted, (73 MB/73 MB)
2025-01-04T03:02:24.317+02:00  INFO 13536 --- [ream-2130263448] tc.rabbitmq:latest                       : Pull complete. 8 layers, pulled in 24s (downloaded 73 MB at 3 MB/s)
2025-01-04T03:02:24.317+02:00  INFO 13536 --- [           main] tc.rabbitmq:latest                       : Image rabbitmq:latest pull took PT27.6781041S
2025-01-04T03:02:24.506+02:00  INFO 13536 --- [           main] tc.rabbitmq:latest                       : Creating container for image: rabbitmq:latest
2025-01-04T03:02:25.373+02:00  INFO 13536 --- [           main] tc.rabbitmq:latest                       : Container rabbitmq:latest is starting: 75763aedf6827b5f2d4abfc95419ca9385b4c17a88b44781c034fd4056aa0039
2025-01-04T03:02:42.101+02:00  INFO 13536 --- [           main] tc.rabbitmq:latest                       : Container rabbitmq:latest started in PT17.5957669S
2025-01-04T03:02:43.833+02:00  INFO 13536 --- [           main] Sender.SenderApplicationTests            : Started SenderApplicationTests in 72.795 seconds (process running for 75.962)
]]></system-out>
  </testcase>
</testsuite>